{"C:\\Dev\\IdeaProjects\\cst-ai-native\\src\\actions\\audit.actions.ts": {"path":"C:\\Dev\\IdeaProjects\\cst-ai-native\\src\\actions\\audit.actions.ts","statementMap":{"0":{"start":{"line":17,"column":22},"end":{"line":17,"column":null}},"1":{"start":{"line":3,"column":18},"end":{"line":3,"column":null}},"2":{"start":{"line":4,"column":23},"end":{"line":4,"column":null}},"3":{"start":{"line":5,"column":33},"end":{"line":5,"column":null}},"4":{"start":{"line":6,"column":28},"end":{"line":6,"column":null}},"5":{"start":{"line":8,"column":29},"end":{"line":11,"column":null}},"6":{"start":{"line":21,"column":18},"end":{"line":21,"column":null}},"7":{"start":{"line":22,"column":2},"end":{"line":24,"column":null}},"8":{"start":{"line":23,"column":4},"end":{"line":23,"column":null}},"9":{"start":{"line":26,"column":17},"end":{"line":26,"column":null}},"10":{"start":{"line":27,"column":2},"end":{"line":29,"column":null}},"11":{"start":{"line":28,"column":4},"end":{"line":28,"column":null}},"12":{"start":{"line":31,"column":2},"end":{"line":60,"column":null}},"13":{"start":{"line":32,"column":19},"end":{"line":52,"column":null}},"14":{"start":{"line":33,"column":25},"end":{"line":36,"column":null}},"15":{"start":{"line":38,"column":6},"end":{"line":38,"column":null}},"16":{"start":{"line":38,"column":23},"end":{"line":38,"column":null}},"17":{"start":{"line":39,"column":6},"end":{"line":39,"column":null}},"18":{"start":{"line":39,"column":36},"end":{"line":39,"column":null}},"19":{"start":{"line":41,"column":6},"end":{"line":49,"column":null}},"20":{"start":{"line":51,"column":6},"end":{"line":51,"column":null}},"21":{"start":{"line":54,"column":4},"end":{"line":54,"column":null}},"22":{"start":{"line":54,"column":23},"end":{"line":54,"column":null}},"23":{"start":{"line":55,"column":4},"end":{"line":55,"column":null}},"24":{"start":{"line":55,"column":29},"end":{"line":55,"column":null}},"25":{"start":{"line":56,"column":4},"end":{"line":56,"column":null}},"26":{"start":{"line":58,"column":4},"end":{"line":58,"column":null}},"27":{"start":{"line":59,"column":4},"end":{"line":59,"column":null}}},"fnMap":{"0":{"name":"revealPassword","decl":{"start":{"line":17,"column":22},"end":{"line":17,"column":null}},"loc":{"start":{"line":19,"column":22},"end":{"line":61,"column":null}}},"1":{"name":"(anonymous_2)","decl":{"start":{"line":32,"column":45},"end":{"line":32,"column":52}},"loc":{"start":{"line":32,"column":52},"end":{"line":52,"column":null}}}},"branchMap":{"0":{"loc":{"start":{"line":22,"column":2},"end":{"line":24,"column":null}},"type":"if","locations":[{"start":{"line":22,"column":2},"end":{"line":24,"column":null}},{"start":{},"end":{}}]},"1":{"loc":{"start":{"line":27,"column":2},"end":{"line":29,"column":null}},"type":"if","locations":[{"start":{"line":27,"column":2},"end":{"line":29,"column":null}},{"start":{},"end":{}}]},"2":{"loc":{"start":{"line":38,"column":6},"end":{"line":38,"column":null}},"type":"if","locations":[{"start":{"line":38,"column":6},"end":{"line":38,"column":null}},{"start":{},"end":{}}]},"3":{"loc":{"start":{"line":39,"column":6},"end":{"line":39,"column":null}},"type":"if","locations":[{"start":{"line":39,"column":6},"end":{"line":39,"column":null}},{"start":{},"end":{}}]},"4":{"loc":{"start":{"line":54,"column":4},"end":{"line":54,"column":null}},"type":"if","locations":[{"start":{"line":54,"column":4},"end":{"line":54,"column":null}},{"start":{},"end":{}}]},"5":{"loc":{"start":{"line":55,"column":4},"end":{"line":55,"column":null}},"type":"if","locations":[{"start":{"line":55,"column":4},"end":{"line":55,"column":null}},{"start":{},"end":{}}]}},"s":{"0":6,"1":1,"2":1,"3":1,"4":1,"5":1,"6":6,"7":6,"8":1,"9":5,"10":5,"11":1,"12":4,"13":4,"14":3,"15":3,"16":1,"17":2,"18":1,"19":1,"20":1,"21":3,"22":1,"23":2,"24":1,"25":1,"26":1,"27":1},"f":{"0":6,"1":3},"b":{"0":[1,5],"1":[1,4],"2":[1,2],"3":[1,1],"4":[1,2],"5":[1,1]}}
,"C:\\Dev\\IdeaProjects\\cst-ai-native\\src\\actions\\auth.actions.ts": {"path":"C:\\Dev\\IdeaProjects\\cst-ai-native\\src\\actions\\auth.actions.ts","statementMap":{"0":{"start":{"line":20,"column":22},"end":{"line":20,"column":29}},"1":{"start":{"line":3,"column":18},"end":{"line":3,"column":null}},"2":{"start":{"line":4,"column":25},"end":{"line":4,"column":null}},"3":{"start":{"line":5,"column":19},"end":{"line":5,"column":null}},"4":{"start":{"line":6,"column":23},"end":{"line":6,"column":null}},"5":{"start":{"line":8,"column":21},"end":{"line":18,"column":null}},"6":{"start":{"line":15,"column":20},"end":{"line":15,"column":58}},"7":{"start":{"line":21,"column":17},"end":{"line":21,"column":null}},"8":{"start":{"line":22,"column":2},"end":{"line":24,"column":null}},"9":{"start":{"line":23,"column":4},"end":{"line":23,"column":null}},"10":{"start":{"line":26,"column":2},"end":{"line":55,"column":null}},"11":{"start":{"line":27,"column":21},"end":{"line":29,"column":null}},"12":{"start":{"line":30,"column":4},"end":{"line":32,"column":null}},"13":{"start":{"line":31,"column":6},"end":{"line":31,"column":null}},"14":{"start":{"line":34,"column":25},"end":{"line":34,"column":null}},"15":{"start":{"line":35,"column":4},"end":{"line":52,"column":null}},"16":{"start":{"line":36,"column":22},"end":{"line":43,"column":null}},"17":{"start":{"line":44,"column":6},"end":{"line":51,"column":null}},"18":{"start":{"line":54,"column":4},"end":{"line":54,"column":null}},"19":{"start":{"line":57,"column":2},"end":{"line":57,"column":null}}},"fnMap":{"0":{"name":"(anonymous_2)","decl":{"start":{"line":15,"column":10},"end":{"line":15,"column":11}},"loc":{"start":{"line":15,"column":20},"end":{"line":15,"column":58}}},"1":{"name":"signUp","decl":{"start":{"line":20,"column":22},"end":{"line":20,"column":29}},"loc":{"start":{"line":20,"column":47},"end":{"line":58,"column":null}}},"2":{"name":"(anonymous_4)","decl":{"start":{"line":35,"column":30},"end":{"line":35,"column":37}},"loc":{"start":{"line":35,"column":37},"end":{"line":52,"column":null}}}},"branchMap":{"0":{"loc":{"start":{"line":22,"column":2},"end":{"line":24,"column":null}},"type":"if","locations":[{"start":{"line":22,"column":2},"end":{"line":24,"column":null}},{"start":{},"end":{}}]},"1":{"loc":{"start":{"line":30,"column":4},"end":{"line":32,"column":null}},"type":"if","locations":[{"start":{"line":30,"column":4},"end":{"line":32,"column":null}},{"start":{},"end":{}}]}},"s":{"0":6,"1":1,"2":1,"3":1,"4":1,"5":1,"6":6,"7":6,"8":6,"9":2,"10":4,"11":4,"12":3,"13":1,"14":2,"15":2,"16":1,"17":1,"18":2,"19":1},"f":{"0":6,"1":6,"2":1},"b":{"0":[2,4],"1":[1,2]}}
,"C:\\Dev\\IdeaProjects\\cst-ai-native\\src\\actions\\customer.actions.ts": {"path":"C:\\Dev\\IdeaProjects\\cst-ai-native\\src\\actions\\customer.actions.ts","statementMap":{"0":{"start":{"line":70,"column":22},"end":{"line":70,"column":37}},"1":{"start":{"line":20,"column":22},"end":{"line":20,"column":37}},"2":{"start":{"line":3,"column":18},"end":{"line":3,"column":null}},"3":{"start":{"line":4,"column":31},"end":{"line":4,"column":null}},"4":{"start":{"line":5,"column":25},"end":{"line":5,"column":null}},"5":{"start":{"line":6,"column":23},"end":{"line":6,"column":null}},"6":{"start":{"line":7,"column":33},"end":{"line":7,"column":null}},"7":{"start":{"line":8,"column":28},"end":{"line":8,"column":null}},"8":{"start":{"line":9,"column":53},"end":{"line":9,"column":null}},"9":{"start":{"line":11,"column":29},"end":{"line":18,"column":null}},"10":{"start":{"line":21,"column":18},"end":{"line":21,"column":null}},"11":{"start":{"line":22,"column":2},"end":{"line":22,"column":null}},"12":{"start":{"line":22,"column":22},"end":{"line":22,"column":null}},"13":{"start":{"line":24,"column":17},"end":{"line":24,"column":null}},"14":{"start":{"line":25,"column":2},"end":{"line":27,"column":null}},"15":{"start":{"line":26,"column":4},"end":{"line":26,"column":null}},"16":{"start":{"line":29,"column":2},"end":{"line":56,"column":null}},"17":{"start":{"line":30,"column":4},"end":{"line":49,"column":null}},"18":{"start":{"line":51,"column":4},"end":{"line":53,"column":null}},"19":{"start":{"line":52,"column":6},"end":{"line":52,"column":null}},"20":{"start":{"line":54,"column":4},"end":{"line":54,"column":null}},"21":{"start":{"line":55,"column":4},"end":{"line":55,"column":null}},"22":{"start":{"line":58,"column":2},"end":{"line":58,"column":null}},"23":{"start":{"line":59,"column":2},"end":{"line":59,"column":null}},"24":{"start":{"line":60,"column":2},"end":{"line":60,"column":null}},"25":{"start":{"line":63,"column":29},"end":{"line":68,"column":null}},"26":{"start":{"line":71,"column":18},"end":{"line":71,"column":null}},"27":{"start":{"line":72,"column":2},"end":{"line":72,"column":null}},"28":{"start":{"line":72,"column":22},"end":{"line":72,"column":null}},"29":{"start":{"line":74,"column":17},"end":{"line":74,"column":null}},"30":{"start":{"line":75,"column":2},"end":{"line":77,"column":null}},"31":{"start":{"line":76,"column":4},"end":{"line":76,"column":null}},"32":{"start":{"line":80,"column":2},"end":{"line":111,"column":null}},"33":{"start":{"line":81,"column":21},"end":{"line":102,"column":null}},"34":{"start":{"line":82,"column":22},"end":{"line":89,"column":null}},"35":{"start":{"line":91,"column":6},"end":{"line":99,"column":null}},"36":{"start":{"line":101,"column":6},"end":{"line":101,"column":null}},"37":{"start":{"line":104,"column":4},"end":{"line":104,"column":null}},"38":{"start":{"line":106,"column":4},"end":{"line":108,"column":null}},"39":{"start":{"line":107,"column":6},"end":{"line":107,"column":null}},"40":{"start":{"line":109,"column":4},"end":{"line":109,"column":null}},"41":{"start":{"line":110,"column":4},"end":{"line":110,"column":null}},"42":{"start":{"line":113,"column":2},"end":{"line":113,"column":null}},"43":{"start":{"line":114,"column":2},"end":{"line":114,"column":null}}},"fnMap":{"0":{"name":"updateCustomer","decl":{"start":{"line":20,"column":22},"end":{"line":20,"column":37}},"loc":{"start":{"line":20,"column":55},"end":{"line":61,"column":null}}},"1":{"name":"createCustomer","decl":{"start":{"line":70,"column":22},"end":{"line":70,"column":37}},"loc":{"start":{"line":70,"column":55},"end":{"line":115,"column":null}}},"2":{"name":"(anonymous_5)","decl":{"start":{"line":81,"column":47},"end":{"line":81,"column":54}},"loc":{"start":{"line":81,"column":54},"end":{"line":102,"column":null}}}},"branchMap":{"0":{"loc":{"start":{"line":22,"column":2},"end":{"line":22,"column":null}},"type":"if","locations":[{"start":{"line":22,"column":2},"end":{"line":22,"column":null}},{"start":{},"end":{}}]},"1":{"loc":{"start":{"line":25,"column":2},"end":{"line":27,"column":null}},"type":"if","locations":[{"start":{"line":25,"column":2},"end":{"line":27,"column":null}},{"start":{},"end":{}}]},"2":{"loc":{"start":{"line":37,"column":23},"end":{"line":37,"column":null}},"type":"binary-expr","locations":[{"start":{"line":37,"column":23},"end":{"line":37,"column":46}},{"start":{"line":37,"column":50},"end":{"line":37,"column":null}}]},"3":{"loc":{"start":{"line":51,"column":4},"end":{"line":53,"column":null}},"type":"if","locations":[{"start":{"line":51,"column":4},"end":{"line":53,"column":null}},{"start":{},"end":{}}]},"4":{"loc":{"start":{"line":51,"column":8},"end":{"line":51,"column":89}},"type":"binary-expr","locations":[{"start":{"line":51,"column":8},"end":{"line":51,"column":61}},{"start":{"line":51,"column":65},"end":{"line":51,"column":89}}]},"5":{"loc":{"start":{"line":72,"column":2},"end":{"line":72,"column":null}},"type":"if","locations":[{"start":{"line":72,"column":2},"end":{"line":72,"column":null}},{"start":{},"end":{}}]},"6":{"loc":{"start":{"line":75,"column":2},"end":{"line":77,"column":null}},"type":"if","locations":[{"start":{"line":75,"column":2},"end":{"line":77,"column":null}},{"start":{},"end":{}}]},"7":{"loc":{"start":{"line":87,"column":23},"end":{"line":87,"column":null}},"type":"binary-expr","locations":[{"start":{"line":87,"column":23},"end":{"line":87,"column":46}},{"start":{"line":87,"column":50},"end":{"line":87,"column":null}}]},"8":{"loc":{"start":{"line":106,"column":4},"end":{"line":108,"column":null}},"type":"if","locations":[{"start":{"line":106,"column":4},"end":{"line":108,"column":null}},{"start":{},"end":{}}]},"9":{"loc":{"start":{"line":106,"column":8},"end":{"line":106,"column":89}},"type":"binary-expr","locations":[{"start":{"line":106,"column":8},"end":{"line":106,"column":61}},{"start":{"line":106,"column":65},"end":{"line":106,"column":89}}]}},"s":{"0":3,"1":4,"2":1,"3":1,"4":1,"5":1,"6":1,"7":1,"8":1,"9":1,"10":4,"11":4,"12":1,"13":3,"14":3,"15":2,"16":1,"17":1,"18":0,"19":0,"20":0,"21":0,"22":1,"23":1,"24":1,"25":1,"26":3,"27":3,"28":1,"29":2,"30":2,"31":1,"32":1,"33":1,"34":1,"35":1,"36":1,"37":1,"38":0,"39":0,"40":0,"41":0,"42":1,"43":1},"f":{"0":4,"1":3,"2":1},"b":{"0":[1,3],"1":[2,1],"2":[1,1],"3":[0,0],"4":[0,0],"5":[1,2],"6":[1,1],"7":[1,1],"8":[0,0],"9":[0,0]}}
,"C:\\Dev\\IdeaProjects\\cst-ai-native\\src\\actions\\history.actions.ts": {"path":"C:\\Dev\\IdeaProjects\\cst-ai-native\\src\\actions\\history.actions.ts","statementMap":{"0":{"start":{"line":17,"column":22},"end":{"line":17,"column":36}},"1":{"start":{"line":3,"column":18},"end":{"line":3,"column":null}},"2":{"start":{"line":4,"column":31},"end":{"line":4,"column":null}},"3":{"start":{"line":5,"column":23},"end":{"line":5,"column":null}},"4":{"start":{"line":6,"column":33},"end":{"line":6,"column":null}},"5":{"start":{"line":7,"column":28},"end":{"line":7,"column":null}},"6":{"start":{"line":8,"column":34},"end":{"line":8,"column":null}},"7":{"start":{"line":10,"column":28},"end":{"line":15,"column":null}},"8":{"start":{"line":18,"column":18},"end":{"line":18,"column":null}},"9":{"start":{"line":19,"column":2},"end":{"line":19,"column":null}},"10":{"start":{"line":19,"column":22},"end":{"line":19,"column":null}},"11":{"start":{"line":21,"column":14},"end":{"line":21,"column":null}},"12":{"start":{"line":22,"column":17},"end":{"line":22,"column":null}},"13":{"start":{"line":23,"column":2},"end":{"line":25,"column":null}},"14":{"start":{"line":24,"column":4},"end":{"line":24,"column":null}},"15":{"start":{"line":27,"column":2},"end":{"line":57,"column":null}},"16":{"start":{"line":28,"column":4},"end":{"line":47,"column":null}},"17":{"start":{"line":49,"column":4},"end":{"line":49,"column":null}},"18":{"start":{"line":50,"column":4},"end":{"line":50,"column":null}},"19":{"start":{"line":52,"column":4},"end":{"line":54,"column":null}},"20":{"start":{"line":53,"column":6},"end":{"line":53,"column":null}},"21":{"start":{"line":55,"column":4},"end":{"line":55,"column":null}},"22":{"start":{"line":56,"column":4},"end":{"line":56,"column":null}}},"fnMap":{"0":{"name":"createHistory","decl":{"start":{"line":17,"column":22},"end":{"line":17,"column":36}},"loc":{"start":{"line":17,"column":54},"end":{"line":58,"column":null}}}},"branchMap":{"0":{"loc":{"start":{"line":19,"column":2},"end":{"line":19,"column":null}},"type":"if","locations":[{"start":{"line":19,"column":2},"end":{"line":19,"column":null}},{"start":{},"end":{}}]},"1":{"loc":{"start":{"line":23,"column":2},"end":{"line":25,"column":null}},"type":"if","locations":[{"start":{"line":23,"column":2},"end":{"line":25,"column":null}},{"start":{},"end":{}}]},"2":{"loc":{"start":{"line":52,"column":4},"end":{"line":54,"column":null}},"type":"if","locations":[{"start":{"line":52,"column":4},"end":{"line":54,"column":null}},{"start":{},"end":{}}]},"3":{"loc":{"start":{"line":52,"column":8},"end":{"line":52,"column":89}},"type":"binary-expr","locations":[{"start":{"line":52,"column":8},"end":{"line":52,"column":61}},{"start":{"line":52,"column":65},"end":{"line":52,"column":89}}]}},"s":{"0":6,"1":1,"2":1,"3":1,"4":1,"5":1,"6":1,"7":1,"8":6,"9":6,"10":1,"11":5,"12":5,"13":5,"14":3,"15":2,"16":2,"17":2,"18":2,"19":0,"20":0,"21":0,"22":0},"f":{"0":6},"b":{"0":[1,5],"1":[3,2],"2":[0,0],"3":[0,0]}}
,"C:\\Dev\\IdeaProjects\\cst-ai-native\\src\\actions\\stakeholder.actions.ts": {"path":"C:\\Dev\\IdeaProjects\\cst-ai-native\\src\\actions\\stakeholder.actions.ts","statementMap":{"0":{"start":{"line":70,"column":22},"end":{"line":70,"column":40}},"1":{"start":{"line":20,"column":22},"end":{"line":20,"column":40}},"2":{"start":{"line":3,"column":18},"end":{"line":3,"column":null}},"3":{"start":{"line":4,"column":31},"end":{"line":4,"column":null}},"4":{"start":{"line":5,"column":23},"end":{"line":5,"column":null}},"5":{"start":{"line":6,"column":33},"end":{"line":6,"column":null}},"6":{"start":{"line":7,"column":28},"end":{"line":7,"column":null}},"7":{"start":{"line":8,"column":40},"end":{"line":8,"column":null}},"8":{"start":{"line":10,"column":32},"end":{"line":18,"column":null}},"9":{"start":{"line":21,"column":18},"end":{"line":21,"column":null}},"10":{"start":{"line":22,"column":2},"end":{"line":22,"column":null}},"11":{"start":{"line":22,"column":22},"end":{"line":22,"column":null}},"12":{"start":{"line":24,"column":17},"end":{"line":24,"column":null}},"13":{"start":{"line":25,"column":2},"end":{"line":27,"column":null}},"14":{"start":{"line":26,"column":4},"end":{"line":26,"column":null}},"15":{"start":{"line":29,"column":2},"end":{"line":59,"column":null}},"16":{"start":{"line":30,"column":4},"end":{"line":49,"column":null}},"17":{"start":{"line":51,"column":4},"end":{"line":51,"column":null}},"18":{"start":{"line":52,"column":4},"end":{"line":52,"column":null}},"19":{"start":{"line":54,"column":4},"end":{"line":56,"column":null}},"20":{"start":{"line":55,"column":6},"end":{"line":55,"column":null}},"21":{"start":{"line":57,"column":4},"end":{"line":57,"column":null}},"22":{"start":{"line":58,"column":4},"end":{"line":58,"column":null}},"23":{"start":{"line":62,"column":32},"end":{"line":68,"column":null}},"24":{"start":{"line":71,"column":18},"end":{"line":71,"column":null}},"25":{"start":{"line":72,"column":2},"end":{"line":72,"column":null}},"26":{"start":{"line":72,"column":22},"end":{"line":72,"column":null}},"27":{"start":{"line":74,"column":14},"end":{"line":74,"column":null}},"28":{"start":{"line":75,"column":17},"end":{"line":75,"column":null}},"29":{"start":{"line":76,"column":2},"end":{"line":78,"column":null}},"30":{"start":{"line":77,"column":4},"end":{"line":77,"column":null}},"31":{"start":{"line":80,"column":2},"end":{"line":107,"column":null}},"32":{"start":{"line":81,"column":4},"end":{"line":100,"column":null}},"33":{"start":{"line":102,"column":4},"end":{"line":102,"column":null}},"34":{"start":{"line":103,"column":4},"end":{"line":103,"column":null}},"35":{"start":{"line":105,"column":4},"end":{"line":105,"column":null}},"36":{"start":{"line":106,"column":4},"end":{"line":106,"column":null}}},"fnMap":{"0":{"name":"updateStakeholder","decl":{"start":{"line":20,"column":22},"end":{"line":20,"column":40}},"loc":{"start":{"line":20,"column":58},"end":{"line":60,"column":null}}},"1":{"name":"createStakeholder","decl":{"start":{"line":70,"column":22},"end":{"line":70,"column":40}},"loc":{"start":{"line":70,"column":58},"end":{"line":108,"column":null}}}},"branchMap":{"0":{"loc":{"start":{"line":22,"column":2},"end":{"line":22,"column":null}},"type":"if","locations":[{"start":{"line":22,"column":2},"end":{"line":22,"column":null}},{"start":{},"end":{}}]},"1":{"loc":{"start":{"line":25,"column":2},"end":{"line":27,"column":null}},"type":"if","locations":[{"start":{"line":25,"column":2},"end":{"line":27,"column":null}},{"start":{},"end":{}}]},"2":{"loc":{"start":{"line":36,"column":17},"end":{"line":36,"column":null}},"type":"binary-expr","locations":[{"start":{"line":36,"column":17},"end":{"line":36,"column":34}},{"start":{"line":36,"column":38},"end":{"line":36,"column":null}}]},"3":{"loc":{"start":{"line":37,"column":17},"end":{"line":37,"column":null}},"type":"binary-expr","locations":[{"start":{"line":37,"column":17},"end":{"line":37,"column":34}},{"start":{"line":37,"column":38},"end":{"line":37,"column":null}}]},"4":{"loc":{"start":{"line":54,"column":4},"end":{"line":56,"column":null}},"type":"if","locations":[{"start":{"line":54,"column":4},"end":{"line":56,"column":null}},{"start":{},"end":{}}]},"5":{"loc":{"start":{"line":54,"column":8},"end":{"line":54,"column":89}},"type":"binary-expr","locations":[{"start":{"line":54,"column":8},"end":{"line":54,"column":61}},{"start":{"line":54,"column":65},"end":{"line":54,"column":89}}]},"6":{"loc":{"start":{"line":72,"column":2},"end":{"line":72,"column":null}},"type":"if","locations":[{"start":{"line":72,"column":2},"end":{"line":72,"column":null}},{"start":{},"end":{}}]},"7":{"loc":{"start":{"line":76,"column":2},"end":{"line":78,"column":null}},"type":"if","locations":[{"start":{"line":76,"column":2},"end":{"line":78,"column":null}},{"start":{},"end":{}}]},"8":{"loc":{"start":{"line":87,"column":17},"end":{"line":87,"column":null}},"type":"binary-expr","locations":[{"start":{"line":87,"column":17},"end":{"line":87,"column":34}},{"start":{"line":87,"column":38},"end":{"line":87,"column":null}}]},"9":{"loc":{"start":{"line":88,"column":17},"end":{"line":88,"column":null}},"type":"binary-expr","locations":[{"start":{"line":88,"column":17},"end":{"line":88,"column":34}},{"start":{"line":88,"column":38},"end":{"line":88,"column":null}}]}},"s":{"0":5,"1":4,"2":1,"3":1,"4":1,"5":1,"6":1,"7":1,"8":1,"9":4,"10":4,"11":1,"12":3,"13":3,"14":2,"15":1,"16":1,"17":1,"18":1,"19":0,"20":0,"21":0,"22":0,"23":1,"24":5,"25":5,"26":1,"27":4,"28":4,"29":4,"30":3,"31":1,"32":1,"33":1,"34":1,"35":0,"36":0},"f":{"0":4,"1":5},"b":{"0":[1,3],"1":[2,1],"2":[1,0],"3":[1,1],"4":[0,0],"5":[0,0],"6":[1,4],"7":[3,1],"8":[1,0],"9":[1,0]}}
,"C:\\Dev\\IdeaProjects\\cst-ai-native\\src\\actions\\system-info.actions.ts": {"path":"C:\\Dev\\IdeaProjects\\cst-ai-native\\src\\actions\\system-info.actions.ts","statementMap":{"0":{"start":{"line":92,"column":22},"end":{"line":92,"column":39}},"1":{"start":{"line":27,"column":22},"end":{"line":27,"column":39}},"2":{"start":{"line":3,"column":18},"end":{"line":3,"column":null}},"3":{"start":{"line":4,"column":31},"end":{"line":4,"column":null}},"4":{"start":{"line":5,"column":23},"end":{"line":5,"column":null}},"5":{"start":{"line":6,"column":33},"end":{"line":6,"column":null}},"6":{"start":{"line":7,"column":28},"end":{"line":7,"column":null}},"7":{"start":{"line":8,"column":46},"end":{"line":8,"column":null}},"8":{"start":{"line":10,"column":31},"end":{"line":25,"column":null}},"9":{"start":{"line":19,"column":12},"end":{"line":19,"column":null}},"10":{"start":{"line":28,"column":18},"end":{"line":28,"column":null}},"11":{"start":{"line":29,"column":2},"end":{"line":29,"column":null}},"12":{"start":{"line":29,"column":22},"end":{"line":29,"column":null}},"13":{"start":{"line":31,"column":14},"end":{"line":31,"column":null}},"14":{"start":{"line":32,"column":17},"end":{"line":32,"column":null}},"15":{"start":{"line":33,"column":2},"end":{"line":35,"column":null}},"16":{"start":{"line":34,"column":4},"end":{"line":34,"column":null}},"17":{"start":{"line":38,"column":51},"end":{"line":47,"column":null}},"18":{"start":{"line":49,"column":2},"end":{"line":74,"column":null}},"19":{"start":{"line":50,"column":4},"end":{"line":64,"column":null}},"20":{"start":{"line":66,"column":4},"end":{"line":66,"column":null}},"21":{"start":{"line":67,"column":4},"end":{"line":67,"column":null}},"22":{"start":{"line":69,"column":4},"end":{"line":71,"column":null}},"23":{"start":{"line":70,"column":6},"end":{"line":70,"column":null}},"24":{"start":{"line":72,"column":4},"end":{"line":72,"column":null}},"25":{"start":{"line":73,"column":4},"end":{"line":73,"column":null}},"26":{"start":{"line":77,"column":31},"end":{"line":90,"column":null}},"27":{"start":{"line":85,"column":12},"end":{"line":85,"column":null}},"28":{"start":{"line":93,"column":18},"end":{"line":93,"column":null}},"29":{"start":{"line":94,"column":2},"end":{"line":94,"column":null}},"30":{"start":{"line":94,"column":22},"end":{"line":94,"column":null}},"31":{"start":{"line":96,"column":14},"end":{"line":96,"column":null}},"32":{"start":{"line":97,"column":17},"end":{"line":97,"column":null}},"33":{"start":{"line":98,"column":2},"end":{"line":100,"column":null}},"34":{"start":{"line":99,"column":4},"end":{"line":99,"column":null}},"35":{"start":{"line":102,"column":2},"end":{"line":133,"column":null}},"36":{"start":{"line":103,"column":4},"end":{"line":126,"column":null}},"37":{"start":{"line":128,"column":4},"end":{"line":128,"column":null}},"38":{"start":{"line":129,"column":4},"end":{"line":129,"column":null}},"39":{"start":{"line":131,"column":4},"end":{"line":131,"column":null}},"40":{"start":{"line":132,"column":4},"end":{"line":132,"column":null}}},"fnMap":{"0":{"name":"(anonymous_3)","decl":{"start":{"line":19,"column":4},"end":{"line":19,"column":5}},"loc":{"start":{"line":19,"column":12},"end":{"line":19,"column":null}}},"1":{"name":"updateSystemInfo","decl":{"start":{"line":27,"column":22},"end":{"line":27,"column":39}},"loc":{"start":{"line":27,"column":57},"end":{"line":75,"column":null}}},"2":{"name":"(anonymous_5)","decl":{"start":{"line":85,"column":4},"end":{"line":85,"column":5}},"loc":{"start":{"line":85,"column":12},"end":{"line":85,"column":null}}},"3":{"name":"createSystemInfo","decl":{"start":{"line":92,"column":22},"end":{"line":92,"column":39}},"loc":{"start":{"line":92,"column":57},"end":{"line":134,"column":null}}}},"branchMap":{"0":{"loc":{"start":{"line":19,"column":12},"end":{"line":19,"column":null}},"type":"cond-expr","locations":[{"start":{"line":19,"column":42},"end":{"line":19,"column":54}},{"start":{"line":19,"column":54},"end":{"line":19,"column":null}}]},"1":{"loc":{"start":{"line":19,"column":12},"end":{"line":19,"column":42}},"type":"binary-expr","locations":[{"start":{"line":19,"column":12},"end":{"line":19,"column":24}},{"start":{"line":19,"column":24},"end":{"line":19,"column":42}}]},"2":{"loc":{"start":{"line":29,"column":2},"end":{"line":29,"column":null}},"type":"if","locations":[{"start":{"line":29,"column":2},"end":{"line":29,"column":null}},{"start":{},"end":{}}]},"3":{"loc":{"start":{"line":33,"column":2},"end":{"line":35,"column":null}},"type":"if","locations":[{"start":{"line":33,"column":2},"end":{"line":35,"column":null}},{"start":{},"end":{}}]},"4":{"loc":{"start":{"line":42,"column":17},"end":{"line":42,"column":null}},"type":"binary-expr","locations":[{"start":{"line":42,"column":17},"end":{"line":42,"column":40}},{"start":{"line":42,"column":44},"end":{"line":42,"column":null}}]},"5":{"loc":{"start":{"line":43,"column":10},"end":{"line":43,"column":null}},"type":"binary-expr","locations":[{"start":{"line":43,"column":10},"end":{"line":43,"column":26}},{"start":{"line":43,"column":30},"end":{"line":43,"column":null}}]},"6":{"loc":{"start":{"line":44,"column":10},"end":{"line":44,"column":null}},"type":"binary-expr","locations":[{"start":{"line":44,"column":10},"end":{"line":44,"column":26}},{"start":{"line":44,"column":30},"end":{"line":44,"column":null}}]},"7":{"loc":{"start":{"line":45,"column":14},"end":{"line":45,"column":null}},"type":"binary-expr","locations":[{"start":{"line":45,"column":14},"end":{"line":45,"column":34}},{"start":{"line":45,"column":38},"end":{"line":45,"column":null}}]},"8":{"loc":{"start":{"line":46,"column":8},"end":{"line":46,"column":78}},"type":"binary-expr","locations":[{"start":{"line":46,"column":8},"end":{"line":46,"column":32}},{"start":{"line":46,"column":36},"end":{"line":46,"column":78}}]},"9":{"loc":{"start":{"line":69,"column":4},"end":{"line":71,"column":null}},"type":"if","locations":[{"start":{"line":69,"column":4},"end":{"line":71,"column":null}},{"start":{},"end":{}}]},"10":{"loc":{"start":{"line":69,"column":8},"end":{"line":69,"column":89}},"type":"binary-expr","locations":[{"start":{"line":69,"column":8},"end":{"line":69,"column":61}},{"start":{"line":69,"column":65},"end":{"line":69,"column":89}}]},"11":{"loc":{"start":{"line":85,"column":12},"end":{"line":85,"column":null}},"type":"cond-expr","locations":[{"start":{"line":85,"column":42},"end":{"line":85,"column":54}},{"start":{"line":85,"column":54},"end":{"line":85,"column":null}}]},"12":{"loc":{"start":{"line":85,"column":12},"end":{"line":85,"column":42}},"type":"binary-expr","locations":[{"start":{"line":85,"column":12},"end":{"line":85,"column":24}},{"start":{"line":85,"column":24},"end":{"line":85,"column":42}}]},"13":{"loc":{"start":{"line":94,"column":2},"end":{"line":94,"column":null}},"type":"if","locations":[{"start":{"line":94,"column":2},"end":{"line":94,"column":null}},{"start":{},"end":{}}]},"14":{"loc":{"start":{"line":98,"column":2},"end":{"line":100,"column":null}},"type":"if","locations":[{"start":{"line":98,"column":2},"end":{"line":100,"column":null}},{"start":{},"end":{}}]},"15":{"loc":{"start":{"line":110,"column":23},"end":{"line":110,"column":null}},"type":"binary-expr","locations":[{"start":{"line":110,"column":23},"end":{"line":110,"column":46}},{"start":{"line":110,"column":50},"end":{"line":110,"column":null}}]},"16":{"loc":{"start":{"line":111,"column":16},"end":{"line":111,"column":null}},"type":"binary-expr","locations":[{"start":{"line":111,"column":16},"end":{"line":111,"column":32}},{"start":{"line":111,"column":36},"end":{"line":111,"column":null}}]},"17":{"loc":{"start":{"line":112,"column":16},"end":{"line":112,"column":null}},"type":"binary-expr","locations":[{"start":{"line":112,"column":16},"end":{"line":112,"column":32}},{"start":{"line":112,"column":36},"end":{"line":112,"column":null}}]},"18":{"loc":{"start":{"line":113,"column":20},"end":{"line":113,"column":null}},"type":"binary-expr","locations":[{"start":{"line":113,"column":20},"end":{"line":113,"column":40}},{"start":{"line":113,"column":44},"end":{"line":113,"column":null}}]},"19":{"loc":{"start":{"line":114,"column":24},"end":{"line":114,"column":null}},"type":"binary-expr","locations":[{"start":{"line":114,"column":24},"end":{"line":114,"column":48}},{"start":{"line":114,"column":52},"end":{"line":114,"column":null}}]}},"s":{"0":8,"1":4,"2":1,"3":1,"4":1,"5":1,"6":1,"7":1,"8":1,"9":3,"10":4,"11":4,"12":1,"13":3,"14":3,"15":3,"16":1,"17":2,"18":2,"19":2,"20":2,"21":2,"22":0,"23":0,"24":0,"25":0,"26":1,"27":7,"28":8,"29":8,"30":1,"31":7,"32":7,"33":7,"34":4,"35":3,"36":3,"37":3,"38":3,"39":0,"40":0},"f":{"0":3,"1":4,"2":7,"3":8},"b":{"0":[3,0],"1":[3,3],"2":[1,3],"3":[1,2],"4":[2,2],"5":[2,1],"6":[2,2],"7":[2,2],"8":[2,0],"9":[0,0],"10":[0,0],"11":[2,5],"12":[7,6],"13":[1,7],"14":[4,3],"15":[3,3],"16":[3,2],"17":[3,1],"18":[3,2],"19":[3,3]}}
,"C:\\Dev\\IdeaProjects\\cst-ai-native\\src\\components\\auth\\login-form.tsx": {"path":"C:\\Dev\\IdeaProjects\\cst-ai-native\\src\\components\\auth\\login-form.tsx","statementMap":{"0":{"start":{"line":20,"column":16},"end":{"line":20,"column":null}},"1":{"start":{"line":3,"column":25},"end":{"line":3,"column":null}},"2":{"start":{"line":4,"column":23},"end":{"line":4,"column":null}},"3":{"start":{"line":5,"column":43},"end":{"line":5,"column":null}},"4":{"start":{"line":6,"column":17},"end":{"line":6,"column":null}},"5":{"start":{"line":7,"column":23},"end":{"line":7,"column":null}},"6":{"start":{"line":8,"column":22},"end":{"line":8,"column":null}},"7":{"start":{"line":9,"column":22},"end":{"line":9,"column":null}},"8":{"start":{"line":17,"column":7},"end":{"line":17,"column":null}},"9":{"start":{"line":18,"column":42},"end":{"line":18,"column":null}},"10":{"start":{"line":21,"column":17},"end":{"line":21,"column":null}},"11":{"start":{"line":22,"column":23},"end":{"line":22,"column":null}},"12":{"start":{"line":23,"column":21},"end":{"line":23,"column":null}},"13":{"start":{"line":25,"column":28},"end":{"line":25,"column":null}},"14":{"start":{"line":26,"column":34},"end":{"line":26,"column":null}},"15":{"start":{"line":27,"column":28},"end":{"line":27,"column":null}},"16":{"start":{"line":28,"column":36},"end":{"line":28,"column":null}},"17":{"start":{"line":31,"column":4},"end":{"line":31,"column":null}},"18":{"start":{"line":32,"column":4},"end":{"line":32,"column":null}},"19":{"start":{"line":33,"column":4},"end":{"line":33,"column":null}},"20":{"start":{"line":35,"column":4},"end":{"line":51,"column":null}},"21":{"start":{"line":36,"column":21},"end":{"line":40,"column":null}},"22":{"start":{"line":42,"column":6},"end":{"line":45,"column":null}},"23":{"start":{"line":43,"column":8},"end":{"line":43,"column":null}},"24":{"start":{"line":44,"column":8},"end":{"line":44,"column":null}},"25":{"start":{"line":47,"column":6},"end":{"line":47,"column":null}},"26":{"start":{"line":48,"column":6},"end":{"line":48,"column":null}},"27":{"start":{"line":50,"column":6},"end":{"line":50,"column":null}},"28":{"start":{"line":83,"column":31},"end":{"line":83,"column":null}},"29":{"start":{"line":98,"column":31},"end":{"line":98,"column":null}}},"fnMap":{"0":{"name":"LoginForm","decl":{"start":{"line":20,"column":16},"end":{"line":20,"column":null}},"loc":{"start":{"line":20,"column":16},"end":{"line":132,"column":null}}},"1":{"name":"handleSubmit","decl":{"start":{"line":30,"column":17},"end":{"line":30,"column":30}},"loc":{"start":{"line":30,"column":65},"end":{"line":52,"column":null}}},"2":{"name":"(anonymous_4)","decl":{"start":{"line":83,"column":24},"end":{"line":83,"column":25}},"loc":{"start":{"line":83,"column":31},"end":{"line":83,"column":null}}},"3":{"name":"(anonymous_5)","decl":{"start":{"line":98,"column":24},"end":{"line":98,"column":25}},"loc":{"start":{"line":98,"column":31},"end":{"line":98,"column":null}}}},"branchMap":{"0":{"loc":{"start":{"line":42,"column":6},"end":{"line":45,"column":null}},"type":"if","locations":[{"start":{"line":42,"column":6},"end":{"line":45,"column":null}},{"start":{},"end":{}}]},"1":{"loc":{"start":{"line":67,"column":9},"end":{"line":67,"column":null}},"type":"binary-expr","locations":[{"start":{"line":67,"column":9},"end":{"line":67,"column":null}}]},"2":{"loc":{"start":{"line":105,"column":11},"end":{"line":105,"column":null}},"type":"binary-expr","locations":[{"start":{"line":105,"column":11},"end":{"line":105,"column":null}}]},"3":{"loc":{"start":{"line":121,"column":11},"end":{"line":121,"column":null}},"type":"cond-expr","locations":[{"start":{"line":121,"column":23},"end":{"line":121,"column":36}},{"start":{"line":121,"column":36},"end":{"line":121,"column":null}}]}},"s":{"0":6,"1":1,"2":1,"3":1,"4":1,"5":1,"6":1,"7":1,"8":1,"9":1,"10":17,"11":17,"12":17,"13":17,"14":17,"15":17,"16":17,"17":3,"18":3,"19":3,"20":3,"21":3,"22":3,"23":1,"24":1,"25":2,"26":2,"27":3,"28":3,"29":3},"f":{"0":17,"1":3,"2":3,"3":3},"b":{"0":[1,2],"1":[17],"2":[17],"3":[3,14]}}
,"C:\\Dev\\IdeaProjects\\cst-ai-native\\src\\components\\customer\\add-history-dialog.tsx": {"path":"C:\\Dev\\IdeaProjects\\cst-ai-native\\src\\components\\customer\\add-history-dialog.tsx","statementMap":{"0":{"start":{"line":28,"column":16},"end":{"line":28,"column":33}},"1":{"start":{"line":3,"column":41},"end":{"line":3,"column":null}},"2":{"start":{"line":4,"column":26},"end":{"line":4,"column":null}},"3":{"start":{"line":5,"column":27},"end":{"line":5,"column":null}},"4":{"start":{"line":9,"column":7},"end":{"line":9,"column":null}},"5":{"start":{"line":10,"column":23},"end":{"line":10,"column":null}},"6":{"start":{"line":11,"column":22},"end":{"line":11,"column":null}},"7":{"start":{"line":12,"column":22},"end":{"line":12,"column":null}},"8":{"start":{"line":13,"column":30},"end":{"line":13,"column":null}},"9":{"start":{"line":15,"column":22},"end":{"line":15,"column":null}},"10":{"start":{"line":17,"column":66},"end":{"line":24,"column":null}},"11":{"start":{"line":29,"column":26},"end":{"line":29,"column":null}},"12":{"start":{"line":30,"column":17},"end":{"line":30,"column":null}},"13":{"start":{"line":32,"column":41},"end":{"line":43,"column":null}},"14":{"start":{"line":34,"column":21},"end":{"line":34,"column":null}},"15":{"start":{"line":35,"column":6},"end":{"line":40,"column":null}},"16":{"start":{"line":36,"column":8},"end":{"line":36,"column":null}},"17":{"start":{"line":37,"column":8},"end":{"line":37,"column":null}},"18":{"start":{"line":38,"column":8},"end":{"line":38,"column":null}},"19":{"start":{"line":39,"column":8},"end":{"line":39,"column":null}},"20":{"start":{"line":41,"column":6},"end":{"line":41,"column":null}},"21":{"start":{"line":47,"column":4},"end":{"line":49,"column":null}},"22":{"start":{"line":48,"column":6},"end":{"line":48,"column":null}},"23":{"start":{"line":86,"column":16},"end":{"line":86,"column":40}}},"fnMap":{"0":{"name":"AddHistoryDialog","decl":{"start":{"line":28,"column":16},"end":{"line":28,"column":33}},"loc":{"start":{"line":28,"column":71},"end":{"line":129,"column":null}}},"1":{"name":"(anonymous_2)","decl":{"start":{"line":33,"column":4},"end":{"line":33,"column":11}},"loc":{"start":{"line":33,"column":18},"end":{"line":42,"column":null}}},"2":{"name":"getFieldError","decl":{"start":{"line":46,"column":11},"end":{"line":46,"column":25}},"loc":{"start":{"line":46,"column":38},"end":{"line":50,"column":null}}},"3":{"name":"(anonymous_4)","decl":{"start":{"line":85,"column":38},"end":{"line":85,"column":39}},"loc":{"start":{"line":86,"column":16},"end":{"line":86,"column":40}}}},"branchMap":{"0":{"loc":{"start":{"line":35,"column":6},"end":{"line":40,"column":null}},"type":"if","locations":[{"start":{"line":35,"column":6},"end":{"line":40,"column":null}},{"start":{},"end":{}}]},"1":{"loc":{"start":{"line":47,"column":4},"end":{"line":49,"column":null}},"type":"if","locations":[{"start":{"line":47,"column":4},"end":{"line":49,"column":null}},{"start":{},"end":{}}]},"2":{"loc":{"start":{"line":47,"column":8},"end":{"line":47,"column":57}},"type":"binary-expr","locations":[{"start":{"line":47,"column":8},"end":{"line":47,"column":24}},{"start":{"line":47,"column":24},"end":{"line":47,"column":57}}]},"3":{"loc":{"start":{"line":95,"column":13},"end":{"line":95,"column":39}},"type":"binary-expr","locations":[{"start":{"line":95,"column":13},"end":{"line":95,"column":39}}]},"4":{"loc":{"start":{"line":109,"column":13},"end":{"line":109,"column":41}},"type":"binary-expr","locations":[{"start":{"line":109,"column":13},"end":{"line":109,"column":41}}]},"5":{"loc":{"start":{"line":112,"column":11},"end":{"line":112,"column":27}},"type":"binary-expr","locations":[{"start":{"line":112,"column":11},"end":{"line":112,"column":27}},{"start":{"line":112,"column":27},"end":{"line":112,"column":null}}]},"6":{"loc":{"start":{"line":122,"column":15},"end":{"line":122,"column":null}},"type":"cond-expr","locations":[{"start":{"line":122,"column":27},"end":{"line":122,"column":39}},{"start":{"line":122,"column":39},"end":{"line":122,"column":null}}]}},"s":{"0":6,"1":1,"2":1,"3":1,"4":1,"5":1,"6":1,"7":1,"8":1,"9":1,"10":1,"11":6,"12":6,"13":6,"14":0,"15":0,"16":0,"17":0,"18":0,"19":0,"20":0,"21":13,"22":3,"23":36},"f":{"0":6,"1":0,"2":13,"3":36},"b":{"0":[0,0],"1":[3,10],"2":[13,5],"3":[6],"4":[6],"5":[6,2],"6":[1,5]}}
,"C:\\Dev\\IdeaProjects\\cst-ai-native\\src\\components\\customer\\add-stakeholder-dialog.tsx": {"path":"C:\\Dev\\IdeaProjects\\cst-ai-native\\src\\components\\customer\\add-stakeholder-dialog.tsx","statementMap":{"0":{"start":{"line":26,"column":16},"end":{"line":26,"column":37}},"1":{"start":{"line":3,"column":41},"end":{"line":3,"column":null}},"2":{"start":{"line":4,"column":26},"end":{"line":4,"column":null}},"3":{"start":{"line":5,"column":25},"end":{"line":5,"column":null}},"4":{"start":{"line":9,"column":7},"end":{"line":9,"column":null}},"5":{"start":{"line":10,"column":23},"end":{"line":10,"column":null}},"6":{"start":{"line":11,"column":22},"end":{"line":11,"column":null}},"7":{"start":{"line":12,"column":22},"end":{"line":12,"column":null}},"8":{"start":{"line":13,"column":34},"end":{"line":13,"column":null}},"9":{"start":{"line":15,"column":22},"end":{"line":15,"column":null}},"10":{"start":{"line":17,"column":66},"end":{"line":22,"column":null}},"11":{"start":{"line":27,"column":26},"end":{"line":27,"column":null}},"12":{"start":{"line":28,"column":17},"end":{"line":28,"column":null}},"13":{"start":{"line":30,"column":41},"end":{"line":41,"column":null}},"14":{"start":{"line":32,"column":21},"end":{"line":32,"column":null}},"15":{"start":{"line":33,"column":6},"end":{"line":38,"column":null}},"16":{"start":{"line":34,"column":8},"end":{"line":34,"column":null}},"17":{"start":{"line":35,"column":8},"end":{"line":35,"column":null}},"18":{"start":{"line":36,"column":8},"end":{"line":36,"column":null}},"19":{"start":{"line":37,"column":8},"end":{"line":37,"column":null}},"20":{"start":{"line":39,"column":6},"end":{"line":39,"column":null}},"21":{"start":{"line":45,"column":4},"end":{"line":47,"column":null}},"22":{"start":{"line":46,"column":6},"end":{"line":46,"column":null}},"23":{"start":{"line":89,"column":16},"end":{"line":89,"column":40}}},"fnMap":{"0":{"name":"AddStakeholderDialog","decl":{"start":{"line":26,"column":16},"end":{"line":26,"column":37}},"loc":{"start":{"line":26,"column":75},"end":{"line":122,"column":null}}},"1":{"name":"(anonymous_2)","decl":{"start":{"line":31,"column":4},"end":{"line":31,"column":11}},"loc":{"start":{"line":31,"column":18},"end":{"line":40,"column":null}}},"2":{"name":"getFieldError","decl":{"start":{"line":44,"column":11},"end":{"line":44,"column":25}},"loc":{"start":{"line":44,"column":38},"end":{"line":48,"column":null}}},"3":{"name":"(anonymous_4)","decl":{"start":{"line":88,"column":32},"end":{"line":88,"column":33}},"loc":{"start":{"line":89,"column":16},"end":{"line":89,"column":40}}}},"branchMap":{"0":{"loc":{"start":{"line":33,"column":6},"end":{"line":38,"column":null}},"type":"if","locations":[{"start":{"line":33,"column":6},"end":{"line":38,"column":null}},{"start":{},"end":{}}]},"1":{"loc":{"start":{"line":45,"column":4},"end":{"line":47,"column":null}},"type":"if","locations":[{"start":{"line":45,"column":4},"end":{"line":47,"column":null}},{"start":{},"end":{}}]},"2":{"loc":{"start":{"line":45,"column":8},"end":{"line":45,"column":57}},"type":"binary-expr","locations":[{"start":{"line":45,"column":8},"end":{"line":45,"column":24}},{"start":{"line":45,"column":24},"end":{"line":45,"column":57}}]},"3":{"loc":{"start":{"line":77,"column":13},"end":{"line":77,"column":38}},"type":"binary-expr","locations":[{"start":{"line":77,"column":13},"end":{"line":77,"column":38}}]},"4":{"loc":{"start":{"line":97,"column":13},"end":{"line":97,"column":39}},"type":"binary-expr","locations":[{"start":{"line":97,"column":13},"end":{"line":97,"column":39}}]},"5":{"loc":{"start":{"line":105,"column":11},"end":{"line":105,"column":27}},"type":"binary-expr","locations":[{"start":{"line":105,"column":11},"end":{"line":105,"column":27}},{"start":{"line":105,"column":27},"end":{"line":105,"column":null}}]},"6":{"loc":{"start":{"line":115,"column":15},"end":{"line":115,"column":null}},"type":"cond-expr","locations":[{"start":{"line":115,"column":27},"end":{"line":115,"column":39}},{"start":{"line":115,"column":39},"end":{"line":115,"column":null}}]}},"s":{"0":6,"1":1,"2":1,"3":1,"4":1,"5":1,"6":1,"7":1,"8":1,"9":1,"10":1,"11":6,"12":6,"13":6,"14":0,"15":0,"16":0,"17":0,"18":0,"19":0,"20":0,"21":13,"22":3,"23":24},"f":{"0":6,"1":0,"2":13,"3":24},"b":{"0":[0,0],"1":[3,10],"2":[13,5],"3":[6],"4":[6],"5":[6,2],"6":[1,5]}}
,"C:\\Dev\\IdeaProjects\\cst-ai-native\\src\\components\\customer\\add-system-info-dialog.tsx": {"path":"C:\\Dev\\IdeaProjects\\cst-ai-native\\src\\components\\customer\\add-system-info-dialog.tsx","statementMap":{"0":{"start":{"line":34,"column":16},"end":{"line":34,"column":36}},"1":{"start":{"line":3,"column":41},"end":{"line":3,"column":null}},"2":{"start":{"line":4,"column":26},"end":{"line":4,"column":null}},"3":{"start":{"line":5,"column":26},"end":{"line":5,"column":null}},"4":{"start":{"line":9,"column":7},"end":{"line":9,"column":null}},"5":{"start":{"line":10,"column":23},"end":{"line":10,"column":null}},"6":{"start":{"line":11,"column":22},"end":{"line":11,"column":null}},"7":{"start":{"line":12,"column":22},"end":{"line":12,"column":null}},"8":{"start":{"line":13,"column":33},"end":{"line":13,"column":null}},"9":{"start":{"line":15,"column":22},"end":{"line":15,"column":null}},"10":{"start":{"line":17,"column":66},"end":{"line":24,"column":null}},"11":{"start":{"line":26,"column":68},"end":{"line":30,"column":null}},"12":{"start":{"line":35,"column":26},"end":{"line":35,"column":null}},"13":{"start":{"line":36,"column":17},"end":{"line":36,"column":null}},"14":{"start":{"line":38,"column":41},"end":{"line":49,"column":null}},"15":{"start":{"line":40,"column":21},"end":{"line":40,"column":null}},"16":{"start":{"line":41,"column":6},"end":{"line":46,"column":null}},"17":{"start":{"line":42,"column":8},"end":{"line":42,"column":null}},"18":{"start":{"line":43,"column":8},"end":{"line":43,"column":null}},"19":{"start":{"line":44,"column":8},"end":{"line":44,"column":null}},"20":{"start":{"line":45,"column":8},"end":{"line":45,"column":null}},"21":{"start":{"line":47,"column":6},"end":{"line":47,"column":null}},"22":{"start":{"line":53,"column":4},"end":{"line":55,"column":null}},"23":{"start":{"line":54,"column":6},"end":{"line":54,"column":null}},"24":{"start":{"line":100,"column":18},"end":{"line":100,"column":42}},"25":{"start":{"line":113,"column":18},"end":{"line":113,"column":42}}},"fnMap":{"0":{"name":"AddSystemInfoDialog","decl":{"start":{"line":34,"column":16},"end":{"line":34,"column":36}},"loc":{"start":{"line":34,"column":74},"end":{"line":173,"column":null}}},"1":{"name":"(anonymous_2)","decl":{"start":{"line":39,"column":4},"end":{"line":39,"column":11}},"loc":{"start":{"line":39,"column":18},"end":{"line":48,"column":null}}},"2":{"name":"getFieldError","decl":{"start":{"line":52,"column":11},"end":{"line":52,"column":25}},"loc":{"start":{"line":52,"column":38},"end":{"line":56,"column":null}}},"3":{"name":"(anonymous_4)","decl":{"start":{"line":99,"column":40},"end":{"line":99,"column":41}},"loc":{"start":{"line":100,"column":18},"end":{"line":100,"column":42}}},"4":{"name":"(anonymous_5)","decl":{"start":{"line":112,"column":41},"end":{"line":112,"column":42}},"loc":{"start":{"line":113,"column":18},"end":{"line":113,"column":42}}}},"branchMap":{"0":{"loc":{"start":{"line":41,"column":6},"end":{"line":46,"column":null}},"type":"if","locations":[{"start":{"line":41,"column":6},"end":{"line":46,"column":null}},{"start":{},"end":{}}]},"1":{"loc":{"start":{"line":53,"column":4},"end":{"line":55,"column":null}},"type":"if","locations":[{"start":{"line":53,"column":4},"end":{"line":55,"column":null}},{"start":{},"end":{}}]},"2":{"loc":{"start":{"line":53,"column":8},"end":{"line":53,"column":57}},"type":"binary-expr","locations":[{"start":{"line":53,"column":8},"end":{"line":53,"column":24}},{"start":{"line":53,"column":24},"end":{"line":53,"column":57}}]},"3":{"loc":{"start":{"line":86,"column":13},"end":{"line":86,"column":38}},"type":"binary-expr","locations":[{"start":{"line":86,"column":13},"end":{"line":86,"column":38}}]},"4":{"loc":{"start":{"line":128,"column":15},"end":{"line":128,"column":40}},"type":"binary-expr","locations":[{"start":{"line":128,"column":15},"end":{"line":128,"column":40}}]},"5":{"loc":{"start":{"line":156,"column":11},"end":{"line":156,"column":27}},"type":"binary-expr","locations":[{"start":{"line":156,"column":11},"end":{"line":156,"column":27}},{"start":{"line":156,"column":27},"end":{"line":156,"column":null}}]},"6":{"loc":{"start":{"line":166,"column":15},"end":{"line":166,"column":null}},"type":"cond-expr","locations":[{"start":{"line":166,"column":27},"end":{"line":166,"column":39}},{"start":{"line":166,"column":39},"end":{"line":166,"column":null}}]}},"s":{"0":6,"1":1,"2":1,"3":1,"4":1,"5":1,"6":1,"7":1,"8":1,"9":1,"10":1,"11":1,"12":6,"13":6,"14":6,"15":0,"16":0,"17":0,"18":0,"19":0,"20":0,"21":0,"22":13,"23":3,"24":36,"25":18},"f":{"0":6,"1":0,"2":13,"3":36,"4":18},"b":{"0":[0,0],"1":[3,10],"2":[13,5],"3":[6],"4":[6],"5":[6,2],"6":[1,5]}}
,"C:\\Dev\\IdeaProjects\\cst-ai-native\\src\\components\\customer\\customer-form.tsx": {"path":"C:\\Dev\\IdeaProjects\\cst-ai-native\\src\\components\\customer\\customer-form.tsx","statementMap":{"0":{"start":{"line":34,"column":16},"end":{"line":34,"column":null}},"1":{"start":{"line":3,"column":42},"end":{"line":3,"column":null}},"2":{"start":{"line":4,"column":26},"end":{"line":4,"column":null}},"3":{"start":{"line":5,"column":22},"end":{"line":5,"column":null}},"4":{"start":{"line":6,"column":31},"end":{"line":6,"column":null}},"5":{"start":{"line":7,"column":23},"end":{"line":7,"column":null}},"6":{"start":{"line":8,"column":22},"end":{"line":8,"column":null}},"7":{"start":{"line":9,"column":22},"end":{"line":9,"column":null}},"8":{"start":{"line":12,"column":72},"end":{"line":19,"column":null}},"9":{"start":{"line":21,"column":76},"end":{"line":26,"column":null}},"10":{"start":{"line":35,"column":17},"end":{"line":35,"column":null}},"11":{"start":{"line":36,"column":41},"end":{"line":41,"column":null}},"12":{"start":{"line":38,"column":21},"end":{"line":38,"column":null}},"13":{"start":{"line":39,"column":6},"end":{"line":39,"column":null}},"14":{"start":{"line":44,"column":2},"end":{"line":49,"column":null}},"15":{"start":{"line":45,"column":4},"end":{"line":48,"column":null}},"16":{"start":{"line":46,"column":6},"end":{"line":46,"column":null}},"17":{"start":{"line":47,"column":6},"end":{"line":47,"column":null}},"18":{"start":{"line":52,"column":4},"end":{"line":54,"column":null}},"19":{"start":{"line":53,"column":6},"end":{"line":53,"column":null}},"20":{"start":{"line":55,"column":4},"end":{"line":55,"column":null}},"21":{"start":{"line":58,"column":20},"end":{"line":58,"column":null}},"22":{"start":{"line":94,"column":12},"end":{"line":94,"column":36}},"23":{"start":{"line":114,"column":12},"end":{"line":114,"column":36}},"24":{"start":{"line":148,"column":25},"end":{"line":148,"column":null}}},"fnMap":{"0":{"name":"CustomerForm","decl":{"start":{"line":34,"column":16},"end":{"line":34,"column":null}},"loc":{"start":{"line":34,"column":16},"end":{"line":163,"column":null}}},"1":{"name":"(anonymous_2)","decl":{"start":{"line":37,"column":4},"end":{"line":37,"column":11}},"loc":{"start":{"line":37,"column":18},"end":{"line":40,"column":null}}},"2":{"name":"(anonymous_3)","decl":{"start":{"line":44,"column":12},"end":{"line":44,"column":null}},"loc":{"start":{"line":44,"column":12},"end":{"line":49,"column":5}}},"3":{"name":"getFieldError","decl":{"start":{"line":51,"column":11},"end":{"line":51,"column":25}},"loc":{"start":{"line":51,"column":38},"end":{"line":56,"column":null}}},"4":{"name":"(anonymous_5)","decl":{"start":{"line":93,"column":37},"end":{"line":93,"column":38}},"loc":{"start":{"line":94,"column":12},"end":{"line":94,"column":36}}},"5":{"name":"(anonymous_6)","decl":{"start":{"line":113,"column":39},"end":{"line":113,"column":40}},"loc":{"start":{"line":114,"column":12},"end":{"line":114,"column":36}}},"6":{"name":"(anonymous_7)","decl":{"start":{"line":148,"column":19},"end":{"line":148,"column":25}},"loc":{"start":{"line":148,"column":25},"end":{"line":148,"column":null}}}},"branchMap":{"0":{"loc":{"start":{"line":39,"column":13},"end":{"line":39,"column":null}},"type":"binary-expr","locations":[{"start":{"line":39,"column":13},"end":{"line":39,"column":23}},{"start":{"line":39,"column":23},"end":{"line":39,"column":null}}]},"1":{"loc":{"start":{"line":45,"column":4},"end":{"line":48,"column":null}},"type":"if","locations":[{"start":{"line":45,"column":4},"end":{"line":48,"column":null}},{"start":{},"end":{}}]},"2":{"loc":{"start":{"line":45,"column":8},"end":{"line":45,"column":42}},"type":"binary-expr","locations":[{"start":{"line":45,"column":8},"end":{"line":45,"column":26}},{"start":{"line":45,"column":26},"end":{"line":45,"column":42}}]},"3":{"loc":{"start":{"line":52,"column":4},"end":{"line":54,"column":null}},"type":"if","locations":[{"start":{"line":52,"column":4},"end":{"line":54,"column":null}},{"start":{},"end":{}}]},"4":{"loc":{"start":{"line":52,"column":8},"end":{"line":52,"column":57}},"type":"binary-expr","locations":[{"start":{"line":52,"column":8},"end":{"line":52,"column":24}},{"start":{"line":52,"column":24},"end":{"line":52,"column":57}}]},"5":{"loc":{"start":{"line":73,"column":28},"end":{"line":73,"column":null}},"type":"cond-expr","locations":[{"start":{"line":73,"column":40},"end":{"line":73,"column":55}},{"start":{"line":73,"column":55},"end":{"line":73,"column":null}}]},"6":{"loc":{"start":{"line":74,"column":24},"end":{"line":74,"column":null}},"type":"cond-expr","locations":[{"start":{"line":74,"column":36},"end":{"line":74,"column":43}},{"start":{"line":74,"column":43},"end":{"line":74,"column":null}}]},"7":{"loc":{"start":{"line":76,"column":9},"end":{"line":76,"column":null}},"type":"binary-expr","locations":[{"start":{"line":76,"column":9},"end":{"line":76,"column":null}}]},"8":{"loc":{"start":{"line":136,"column":7},"end":{"line":136,"column":23}},"type":"binary-expr","locations":[{"start":{"line":136,"column":7},"end":{"line":136,"column":23}},{"start":{"line":136,"column":23},"end":{"line":136,"column":null}}]},"9":{"loc":{"start":{"line":158,"column":11},"end":{"line":158,"column":null}},"type":"cond-expr","locations":[{"start":{"line":158,"column":23},"end":{"line":158,"column":35}},{"start":{"line":158,"column":35},"end":{"line":158,"column":null}}]}},"s":{"0":9,"1":1,"2":1,"3":1,"4":1,"5":1,"6":1,"7":1,"8":1,"9":1,"10":9,"11":9,"12":0,"13":0,"14":9,"15":9,"16":0,"17":0,"18":9,"19":2,"20":7,"21":9,"22":54,"23":36,"24":0},"f":{"0":9,"1":0,"2":9,"3":9,"4":54,"5":36,"6":0},"b":{"0":[0,0],"1":[0,9],"2":[9,0],"3":[2,7],"4":[9,3],"5":[2,7],"6":[2,7],"7":[9],"8":[9,3],"9":[1,8]}}
,"C:\\Dev\\IdeaProjects\\cst-ai-native\\src\\components\\customer\\password-reveal-dialog.tsx": {"path":"C:\\Dev\\IdeaProjects\\cst-ai-native\\src\\components\\customer\\password-reveal-dialog.tsx","statementMap":{"0":{"start":{"line":24,"column":16},"end":{"line":24,"column":37}},"1":{"start":{"line":3,"column":40},"end":{"line":3,"column":null}},"2":{"start":{"line":4,"column":54},"end":{"line":4,"column":null}},"3":{"start":{"line":13,"column":7},"end":{"line":13,"column":null}},"4":{"start":{"line":14,"column":23},"end":{"line":14,"column":null}},"5":{"start":{"line":15,"column":22},"end":{"line":15,"column":null}},"6":{"start":{"line":16,"column":22},"end":{"line":16,"column":null}},"7":{"start":{"line":17,"column":31},"end":{"line":17,"column":null}},"8":{"start":{"line":25,"column":26},"end":{"line":25,"column":null}},"9":{"start":{"line":26,"column":42},"end":{"line":26,"column":null}},"10":{"start":{"line":27,"column":50},"end":{"line":27,"column":null}},"11":{"start":{"line":28,"column":42},"end":{"line":28,"column":null}},"12":{"start":{"line":29,"column":30},"end":{"line":29,"column":null}},"13":{"start":{"line":30,"column":28},"end":{"line":30,"column":null}},"14":{"start":{"line":31,"column":39},"end":{"line":31,"column":null}},"15":{"start":{"line":34,"column":4},"end":{"line":34,"column":null}},"16":{"start":{"line":35,"column":4},"end":{"line":41,"column":null}},"17":{"start":{"line":36,"column":6},"end":{"line":36,"column":null}},"18":{"start":{"line":37,"column":6},"end":{"line":37,"column":null}},"19":{"start":{"line":38,"column":6},"end":{"line":38,"column":null}},"20":{"start":{"line":39,"column":6},"end":{"line":39,"column":null}},"21":{"start":{"line":40,"column":6},"end":{"line":40,"column":null}},"22":{"start":{"line":45,"column":4},"end":{"line":45,"column":null}},"23":{"start":{"line":46,"column":4},"end":{"line":57,"column":null}},"24":{"start":{"line":47,"column":21},"end":{"line":47,"column":null}},"25":{"start":{"line":48,"column":6},"end":{"line":56,"column":null}},"26":{"start":{"line":49,"column":8},"end":{"line":49,"column":null}},"27":{"start":{"line":51,"column":8},"end":{"line":55,"column":null}},"28":{"start":{"line":52,"column":10},"end":{"line":52,"column":null}},"29":{"start":{"line":54,"column":10},"end":{"line":54,"column":null}},"30":{"start":{"line":61,"column":4},"end":{"line":61,"column":null}},"31":{"start":{"line":61,"column":27},"end":{"line":61,"column":null}},"32":{"start":{"line":62,"column":4},"end":{"line":62,"column":null}},"33":{"start":{"line":63,"column":4},"end":{"line":63,"column":null}},"34":{"start":{"line":64,"column":4},"end":{"line":64,"column":null}},"35":{"start":{"line":64,"column":21},"end":{"line":64,"column":39}},"36":{"start":{"line":104,"column":33},"end":{"line":104,"column":null}},"37":{"start":{"line":133,"column":31},"end":{"line":133,"column":null}},"38":{"start":{"line":133,"column":54},"end":{"line":133,"column":null}}},"fnMap":{"0":{"name":"PasswordRevealDialog","decl":{"start":{"line":24,"column":16},"end":{"line":24,"column":37}},"loc":{"start":{"line":24,"column":96},"end":{"line":152,"column":null}}},"1":{"name":"handleOpenChange","decl":{"start":{"line":33,"column":11},"end":{"line":33,"column":28}},"loc":{"start":{"line":33,"column":45},"end":{"line":42,"column":null}}},"2":{"name":"handleReveal","decl":{"start":{"line":44,"column":11},"end":{"line":44,"column":null}},"loc":{"start":{"line":44,"column":11},"end":{"line":58,"column":null}}},"3":{"name":"(anonymous_4)","decl":{"start":{"line":46,"column":20},"end":{"line":46,"column":null}},"loc":{"start":{"line":46,"column":20},"end":{"line":57,"column":null}}},"4":{"name":"handleCopy","decl":{"start":{"line":60,"column":17},"end":{"line":60,"column":null}},"loc":{"start":{"line":60,"column":17},"end":{"line":65,"column":null}}},"5":{"name":"(anonymous_6)","decl":{"start":{"line":64,"column":15},"end":{"line":64,"column":21}},"loc":{"start":{"line":64,"column":21},"end":{"line":64,"column":39}}},"6":{"name":"(anonymous_7)","decl":{"start":{"line":104,"column":26},"end":{"line":104,"column":27}},"loc":{"start":{"line":104,"column":33},"end":{"line":104,"column":null}}},"7":{"name":"(anonymous_8)","decl":{"start":{"line":133,"column":25},"end":{"line":133,"column":31}},"loc":{"start":{"line":133,"column":31},"end":{"line":133,"column":null}}},"8":{"name":"(anonymous_9)","decl":{"start":{"line":133,"column":47},"end":{"line":133,"column":48}},"loc":{"start":{"line":133,"column":54},"end":{"line":133,"column":null}}}},"branchMap":{"0":{"loc":{"start":{"line":35,"column":4},"end":{"line":41,"column":null}},"type":"if","locations":[{"start":{"line":35,"column":4},"end":{"line":41,"column":null}},{"start":{},"end":{}}]},"1":{"loc":{"start":{"line":48,"column":6},"end":{"line":56,"column":null}},"type":"if","locations":[{"start":{"line":48,"column":6},"end":{"line":56,"column":null}},{"start":{"line":50,"column":13},"end":{"line":56,"column":null}}]},"2":{"loc":{"start":{"line":51,"column":8},"end":{"line":55,"column":null}},"type":"if","locations":[{"start":{"line":51,"column":8},"end":{"line":55,"column":null}},{"start":{"line":53,"column":15},"end":{"line":55,"column":null}}]},"3":{"loc":{"start":{"line":61,"column":4},"end":{"line":61,"column":null}},"type":"if","locations":[{"start":{"line":61,"column":4},"end":{"line":61,"column":null}},{"start":{},"end":{}}]},"4":{"loc":{"start":{"line":95,"column":10},"end":{"line":124,"column":11}},"type":"cond-expr","locations":[{"start":{"line":95,"column":10},"end":{"line":124,"column":11}}]},"5":{"loc":{"start":{"line":108,"column":13},"end":{"line":108,"column":null}},"type":"binary-expr","locations":[{"start":{"line":108,"column":13},"end":{"line":108,"column":null}}]},"6":{"loc":{"start":{"line":116,"column":26},"end":{"line":116,"column":null}},"type":"binary-expr","locations":[{"start":{"line":116,"column":26},"end":{"line":116,"column":39}},{"start":{"line":116,"column":39},"end":{"line":116,"column":null}}]},"7":{"loc":{"start":{"line":119,"column":17},"end":{"line":119,"column":null}},"type":"cond-expr","locations":[{"start":{"line":119,"column":29},"end":{"line":119,"column":41}},{"start":{"line":119,"column":41},"end":{"line":119,"column":null}}]},"8":{"loc":{"start":{"line":130,"column":17},"end":{"line":130,"column":null}},"type":"cond-expr","locations":[{"start":{"line":130,"column":32},"end":{"line":130,"column":51}},{"start":{"line":130,"column":51},"end":{"line":130,"column":null}}]},"9":{"loc":{"start":{"line":135,"column":28},"end":{"line":135,"column":null}},"type":"cond-expr","locations":[{"start":{"line":135,"column":43},"end":{"line":135,"column":56}},{"start":{"line":135,"column":56},"end":{"line":135,"column":null}}]},"10":{"loc":{"start":{"line":137,"column":32},"end":{"line":137,"column":65}},"type":"cond-expr","locations":[{"start":{"line":137,"column":32},"end":{"line":137,"column":65}}]},"11":{"loc":{"start":{"line":144,"column":26},"end":{"line":144,"column":72}},"type":"cond-expr","locations":[{"start":{"line":144,"column":26},"end":{"line":144,"column":72}}]}},"s":{"0":11,"1":1,"2":1,"3":1,"4":1,"5":1,"6":1,"7":1,"8":39,"9":39,"10":39,"11":39,"12":39,"13":39,"14":39,"15":2,"16":2,"17":1,"18":1,"19":1,"20":1,"21":1,"22":5,"23":5,"24":5,"25":5,"26":3,"27":2,"28":1,"29":1,"30":1,"31":0,"32":1,"33":1,"34":1,"35":0,"36":9,"37":1,"38":1},"f":{"0":39,"1":2,"2":5,"3":5,"4":1,"5":0,"6":9,"7":1,"8":1},"b":{"0":[1,1],"1":[3,2],"2":[1,1],"3":[0,1],"4":[31],"5":[31],"6":[31,24],"7":[7,24],"8":[1,7],"9":[1,7],"10":[1],"11":[1]}}
,"C:\\Dev\\IdeaProjects\\cst-ai-native\\src\\components\\ui\\button.tsx": {"path":"C:\\Dev\\IdeaProjects\\cst-ai-native\\src\\components\\ui\\button.tsx","statementMap":{"0":{"start":{"line":60,"column":9},"end":{"line":60,"column":17}},"1":{"start":{"line":60,"column":17},"end":{"line":60,"column":null}},"2":{"start":{"line":3,"column":42},"end":{"line":3,"column":null}},"3":{"start":{"line":4,"column":39},"end":{"line":4,"column":null}},"4":{"start":{"line":6,"column":19},"end":{"line":6,"column":null}},"5":{"start":{"line":8,"column":23},"end":{"line":42,"column":null}}},"fnMap":{"0":{"name":"Button","decl":{"start":{"line":45,"column":9},"end":{"line":45,"column":16}},"loc":{"start":{"line":50,"column":62},"end":{"line":58,"column":null}}}},"branchMap":{"0":{"loc":{"start":{"line":47,"column":2},"end":{"line":47,"column":21}},"type":"default-arg","locations":[{"start":{"line":47,"column":12},"end":{"line":47,"column":21}}]},"1":{"loc":{"start":{"line":48,"column":2},"end":{"line":48,"column":18}},"type":"default-arg","locations":[{"start":{"line":48,"column":9},"end":{"line":48,"column":18}}]}},"s":{"0":124,"1":0,"2":5,"3":5,"4":5,"5":5},"f":{"0":67},"b":{"0":[58],"1":[67]}}
,"C:\\Dev\\IdeaProjects\\cst-ai-native\\src\\components\\ui\\input.tsx": {"path":"C:\\Dev\\IdeaProjects\\cst-ai-native\\src\\components\\ui\\input.tsx","statementMap":{"0":{"start":{"line":20,"column":9},"end":{"line":20,"column":null}},"1":{"start":{"line":1,"column":23},"end":{"line":1,"column":null}},"2":{"start":{"line":2,"column":40},"end":{"line":2,"column":null}},"3":{"start":{"line":4,"column":19},"end":{"line":4,"column":null}}},"fnMap":{"0":{"name":"Input","decl":{"start":{"line":6,"column":9},"end":{"line":6,"column":15}},"loc":{"start":{"line":6,"column":75},"end":{"line":18,"column":null}}}},"branchMap":{},"s":{"0":94,"1":5,"2":5,"3":5},"f":{"0":94},"b":{}}
,"C:\\Dev\\IdeaProjects\\cst-ai-native\\src\\components\\ui\\label.tsx": {"path":"C:\\Dev\\IdeaProjects\\cst-ai-native\\src\\components\\ui\\label.tsx","statementMap":{"0":{"start":{"line":20,"column":9},"end":{"line":20,"column":null}},"1":{"start":{"line":3,"column":23},"end":{"line":3,"column":null}},"2":{"start":{"line":5,"column":19},"end":{"line":5,"column":null}}},"fnMap":{"0":{"name":"Label","decl":{"start":{"line":7,"column":9},"end":{"line":7,"column":15}},"loc":{"start":{"line":7,"column":69},"end":{"line":18,"column":null}}}},"branchMap":{},"s":{"0":157,"1":5,"2":5},"f":{"0":157},"b":{}}
,"C:\\Dev\\IdeaProjects\\cst-ai-native\\src\\lib\\utils.ts": {"path":"C:\\Dev\\IdeaProjects\\cst-ai-native\\src\\lib\\utils.ts","statementMap":{"0":{"start":{"line":4,"column":16},"end":{"line":4,"column":19}},"1":{"start":{"line":1,"column":38},"end":{"line":1,"column":null}},"2":{"start":{"line":2,"column":24},"end":{"line":2,"column":null}},"3":{"start":{"line":5,"column":2},"end":{"line":5,"column":null}}},"fnMap":{"0":{"name":"cn","decl":{"start":{"line":4,"column":16},"end":{"line":4,"column":19}},"loc":{"start":{"line":4,"column":42},"end":{"line":6,"column":null}}}},"branchMap":{},"s":{"0":318,"1":5,"2":5,"3":318},"f":{"0":318},"b":{}}
}
