TN:
SF:src\actions\audit.actions.ts
FN:17,revealPassword
FN:32,(anonymous_2)
FNF:2
FNH:2
FNDA:6,revealPassword
FNDA:3,(anonymous_2)
DA:3,1
DA:4,1
DA:5,1
DA:6,1
DA:8,1
DA:17,6
DA:21,6
DA:22,6
DA:23,1
DA:26,5
DA:27,5
DA:28,1
DA:31,4
DA:32,4
DA:33,3
DA:38,3
DA:39,2
DA:41,1
DA:51,1
DA:54,3
DA:55,2
DA:56,1
DA:58,1
DA:59,1
LF:24
LH:24
BRDA:22,0,0,1
BRDA:22,0,1,5
BRDA:27,1,0,1
BRDA:27,1,1,4
BRDA:38,2,0,1
BRDA:38,2,1,2
BRDA:39,3,0,1
BRDA:39,3,1,1
BRDA:54,4,0,1
BRDA:54,4,1,2
BRDA:55,5,0,1
BRDA:55,5,1,1
BRF:12
BRH:12
end_of_record
TN:
SF:src\actions\auth.actions.ts
FN:15,(anonymous_2)
FN:20,signUp
FN:35,(anonymous_4)
FNF:3
FNH:3
FNDA:6,(anonymous_2)
FNDA:6,signUp
FNDA:1,(anonymous_4)
DA:3,1
DA:4,1
DA:5,1
DA:6,1
DA:8,1
DA:15,6
DA:20,6
DA:21,6
DA:22,6
DA:23,2
DA:26,4
DA:27,4
DA:30,3
DA:31,1
DA:34,2
DA:35,2
DA:36,1
DA:44,1
DA:54,2
DA:57,1
LF:20
LH:20
BRDA:22,0,0,2
BRDA:22,0,1,4
BRDA:30,1,0,1
BRDA:30,1,1,2
BRF:4
BRH:4
end_of_record
TN:
SF:src\actions\customer.actions.ts
FN:20,updateCustomer
FN:70,createCustomer
FN:81,(anonymous_5)
FNF:3
FNH:3
FNDA:4,updateCustomer
FNDA:3,createCustomer
FNDA:1,(anonymous_5)
DA:3,1
DA:4,1
DA:5,1
DA:6,1
DA:7,1
DA:8,1
DA:9,1
DA:11,1
DA:20,4
DA:21,4
DA:22,4
DA:24,3
DA:25,3
DA:26,2
DA:29,1
DA:30,1
DA:51,0
DA:52,0
DA:54,0
DA:55,0
DA:58,1
DA:59,1
DA:60,1
DA:63,1
DA:70,3
DA:71,3
DA:72,3
DA:74,2
DA:75,2
DA:76,1
DA:80,1
DA:81,1
DA:82,1
DA:91,1
DA:101,1
DA:104,1
DA:106,0
DA:107,0
DA:109,0
DA:110,0
DA:113,1
DA:114,1
LF:42
LH:34
BRDA:22,0,0,1
BRDA:22,0,1,3
BRDA:25,1,0,2
BRDA:25,1,1,1
BRDA:37,2,0,1
BRDA:37,2,1,1
BRDA:51,3,0,0
BRDA:51,3,1,0
BRDA:51,4,0,0
BRDA:51,4,1,0
BRDA:72,5,0,1
BRDA:72,5,1,2
BRDA:75,6,0,1
BRDA:75,6,1,1
BRDA:87,7,0,1
BRDA:87,7,1,1
BRDA:106,8,0,0
BRDA:106,8,1,0
BRDA:106,9,0,0
BRDA:106,9,1,0
BRF:20
BRH:12
end_of_record
TN:
SF:src\actions\history.actions.ts
FN:17,createHistory
FNF:1
FNH:1
FNDA:6,createHistory
DA:3,1
DA:4,1
DA:5,1
DA:6,1
DA:7,1
DA:8,1
DA:10,1
DA:17,6
DA:18,6
DA:19,6
DA:21,5
DA:22,5
DA:23,5
DA:24,3
DA:27,2
DA:28,2
DA:49,2
DA:50,2
DA:52,0
DA:53,0
DA:55,0
DA:56,0
LF:22
LH:18
BRDA:19,0,0,1
BRDA:19,0,1,5
BRDA:23,1,0,3
BRDA:23,1,1,2
BRDA:52,2,0,0
BRDA:52,2,1,0
BRDA:52,3,0,0
BRDA:52,3,1,0
BRF:8
BRH:4
end_of_record
TN:
SF:src\actions\stakeholder.actions.ts
FN:20,updateStakeholder
FN:70,createStakeholder
FNF:2
FNH:2
FNDA:4,updateStakeholder
FNDA:5,createStakeholder
DA:3,1
DA:4,1
DA:5,1
DA:6,1
DA:7,1
DA:8,1
DA:10,1
DA:20,4
DA:21,4
DA:22,4
DA:24,3
DA:25,3
DA:26,2
DA:29,1
DA:30,1
DA:51,1
DA:52,1
DA:54,0
DA:55,0
DA:57,0
DA:58,0
DA:62,1
DA:70,5
DA:71,5
DA:72,5
DA:74,4
DA:75,4
DA:76,4
DA:77,3
DA:80,1
DA:81,1
DA:102,1
DA:103,1
DA:105,0
DA:106,0
LF:35
LH:29
BRDA:22,0,0,1
BRDA:22,0,1,3
BRDA:25,1,0,2
BRDA:25,1,1,1
BRDA:36,2,0,1
BRDA:36,2,1,0
BRDA:37,3,0,1
BRDA:37,3,1,1
BRDA:54,4,0,0
BRDA:54,4,1,0
BRDA:54,5,0,0
BRDA:54,5,1,0
BRDA:72,6,0,1
BRDA:72,6,1,4
BRDA:76,7,0,3
BRDA:76,7,1,1
BRDA:87,8,0,1
BRDA:87,8,1,0
BRDA:88,9,0,1
BRDA:88,9,1,0
BRF:20
BRH:13
end_of_record
TN:
SF:src\actions\system-info.actions.ts
FN:19,(anonymous_3)
FN:27,updateSystemInfo
FN:85,(anonymous_5)
FN:92,createSystemInfo
FNF:4
FNH:4
FNDA:3,(anonymous_3)
FNDA:4,updateSystemInfo
FNDA:7,(anonymous_5)
FNDA:8,createSystemInfo
DA:3,1
DA:4,1
DA:5,1
DA:6,1
DA:7,1
DA:8,1
DA:10,1
DA:19,3
DA:27,4
DA:28,4
DA:29,4
DA:31,3
DA:32,3
DA:33,3
DA:34,1
DA:38,2
DA:49,2
DA:50,2
DA:66,2
DA:67,2
DA:69,0
DA:70,0
DA:72,0
DA:73,0
DA:77,1
DA:85,7
DA:92,8
DA:93,8
DA:94,8
DA:96,7
DA:97,7
DA:98,7
DA:99,4
DA:102,3
DA:103,3
DA:128,3
DA:129,3
DA:131,0
DA:132,0
LF:39
LH:33
BRDA:19,0,0,3
BRDA:19,0,1,0
BRDA:19,1,0,3
BRDA:19,1,1,3
BRDA:29,2,0,1
BRDA:29,2,1,3
BRDA:33,3,0,1
BRDA:33,3,1,2
BRDA:42,4,0,2
BRDA:42,4,1,2
BRDA:43,5,0,2
BRDA:43,5,1,1
BRDA:44,6,0,2
BRDA:44,6,1,2
BRDA:45,7,0,2
BRDA:45,7,1,2
BRDA:46,8,0,2
BRDA:46,8,1,0
BRDA:69,9,0,0
BRDA:69,9,1,0
BRDA:69,10,0,0
BRDA:69,10,1,0
BRDA:85,11,0,2
BRDA:85,11,1,5
BRDA:85,12,0,7
BRDA:85,12,1,6
BRDA:94,13,0,1
BRDA:94,13,1,7
BRDA:98,14,0,4
BRDA:98,14,1,3
BRDA:110,15,0,3
BRDA:110,15,1,3
BRDA:111,16,0,3
BRDA:111,16,1,2
BRDA:112,17,0,3
BRDA:112,17,1,1
BRDA:113,18,0,3
BRDA:113,18,1,2
BRDA:114,19,0,3
BRDA:114,19,1,3
BRF:40
BRH:34
end_of_record
TN:
SF:src\components\auth\login-form.tsx
FN:20,LoginForm
FN:30,handleSubmit
FN:83,(anonymous_4)
FN:98,(anonymous_5)
FNF:4
FNH:4
FNDA:17,LoginForm
FNDA:3,handleSubmit
FNDA:3,(anonymous_4)
FNDA:3,(anonymous_5)
DA:3,1
DA:4,1
DA:5,1
DA:6,1
DA:7,1
DA:8,1
DA:9,1
DA:17,1
DA:18,1
DA:20,6
DA:21,17
DA:22,17
DA:23,17
DA:25,17
DA:26,17
DA:27,17
DA:28,17
DA:31,3
DA:32,3
DA:33,3
DA:35,3
DA:36,3
DA:42,3
DA:43,1
DA:44,1
DA:47,2
DA:48,2
DA:50,3
DA:83,3
DA:98,3
LF:30
LH:30
BRDA:42,0,0,1
BRDA:42,0,1,2
BRDA:67,1,0,17
BRDA:105,2,0,17
BRDA:121,3,0,3
BRDA:121,3,1,14
BRF:6
BRH:6
end_of_record
TN:
SF:src\components\customer\add-history-dialog.tsx
FN:28,AddHistoryDialog
FN:33,(anonymous_2)
FN:46,getFieldError
FN:85,(anonymous_4)
FNF:4
FNH:3
FNDA:6,AddHistoryDialog
FNDA:0,(anonymous_2)
FNDA:13,getFieldError
FNDA:36,(anonymous_4)
DA:3,1
DA:4,1
DA:5,1
DA:9,1
DA:10,1
DA:11,1
DA:12,1
DA:13,1
DA:15,1
DA:17,1
DA:28,6
DA:29,6
DA:30,6
DA:32,6
DA:34,0
DA:35,0
DA:36,0
DA:37,0
DA:38,0
DA:39,0
DA:41,0
DA:47,13
DA:48,3
DA:86,36
LF:24
LH:17
BRDA:35,0,0,0
BRDA:35,0,1,0
BRDA:47,1,0,3
BRDA:47,1,1,10
BRDA:47,2,0,13
BRDA:47,2,1,5
BRDA:95,3,0,6
BRDA:109,4,0,6
BRDA:112,5,0,6
BRDA:112,5,1,2
BRDA:122,6,0,1
BRDA:122,6,1,5
BRF:12
BRH:10
end_of_record
TN:
SF:src\components\customer\add-stakeholder-dialog.tsx
FN:26,AddStakeholderDialog
FN:31,(anonymous_2)
FN:44,getFieldError
FN:88,(anonymous_4)
FNF:4
FNH:3
FNDA:6,AddStakeholderDialog
FNDA:0,(anonymous_2)
FNDA:13,getFieldError
FNDA:24,(anonymous_4)
DA:3,1
DA:4,1
DA:5,1
DA:9,1
DA:10,1
DA:11,1
DA:12,1
DA:13,1
DA:15,1
DA:17,1
DA:26,6
DA:27,6
DA:28,6
DA:30,6
DA:32,0
DA:33,0
DA:34,0
DA:35,0
DA:36,0
DA:37,0
DA:39,0
DA:45,13
DA:46,3
DA:89,24
LF:24
LH:17
BRDA:33,0,0,0
BRDA:33,0,1,0
BRDA:45,1,0,3
BRDA:45,1,1,10
BRDA:45,2,0,13
BRDA:45,2,1,5
BRDA:77,3,0,6
BRDA:97,4,0,6
BRDA:105,5,0,6
BRDA:105,5,1,2
BRDA:115,6,0,1
BRDA:115,6,1,5
BRF:12
BRH:10
end_of_record
TN:
SF:src\components\customer\add-system-info-dialog.tsx
FN:34,AddSystemInfoDialog
FN:39,(anonymous_2)
FN:52,getFieldError
FN:99,(anonymous_4)
FN:112,(anonymous_5)
FNF:5
FNH:4
FNDA:6,AddSystemInfoDialog
FNDA:0,(anonymous_2)
FNDA:13,getFieldError
FNDA:36,(anonymous_4)
FNDA:18,(anonymous_5)
DA:3,1
DA:4,1
DA:5,1
DA:9,1
DA:10,1
DA:11,1
DA:12,1
DA:13,1
DA:15,1
DA:17,1
DA:26,1
DA:34,6
DA:35,6
DA:36,6
DA:38,6
DA:40,0
DA:41,0
DA:42,0
DA:43,0
DA:44,0
DA:45,0
DA:47,0
DA:53,13
DA:54,3
DA:100,36
DA:113,18
LF:26
LH:19
BRDA:41,0,0,0
BRDA:41,0,1,0
BRDA:53,1,0,3
BRDA:53,1,1,10
BRDA:53,2,0,13
BRDA:53,2,1,5
BRDA:86,3,0,6
BRDA:128,4,0,6
BRDA:156,5,0,6
BRDA:156,5,1,2
BRDA:166,6,0,1
BRDA:166,6,1,5
BRF:12
BRH:10
end_of_record
TN:
SF:src\components\customer\customer-form.tsx
FN:34,CustomerForm
FN:37,(anonymous_2)
FN:44,(anonymous_3)
FN:51,getFieldError
FN:93,(anonymous_5)
FN:113,(anonymous_6)
FN:148,(anonymous_7)
FNF:7
FNH:5
FNDA:9,CustomerForm
FNDA:0,(anonymous_2)
FNDA:9,(anonymous_3)
FNDA:9,getFieldError
FNDA:54,(anonymous_5)
FNDA:36,(anonymous_6)
FNDA:0,(anonymous_7)
DA:3,1
DA:4,1
DA:5,1
DA:6,1
DA:7,1
DA:8,1
DA:9,1
DA:12,1
DA:21,1
DA:34,9
DA:35,9
DA:36,9
DA:38,0
DA:39,0
DA:44,9
DA:45,9
DA:46,0
DA:47,0
DA:52,9
DA:53,2
DA:55,7
DA:58,9
DA:94,54
DA:114,36
DA:148,0
LF:25
LH:20
BRDA:39,0,0,0
BRDA:39,0,1,0
BRDA:45,1,0,0
BRDA:45,1,1,9
BRDA:45,2,0,9
BRDA:45,2,1,0
BRDA:52,3,0,2
BRDA:52,3,1,7
BRDA:52,4,0,9
BRDA:52,4,1,3
BRDA:73,5,0,2
BRDA:73,5,1,7
BRDA:74,6,0,2
BRDA:74,6,1,7
BRDA:76,7,0,9
BRDA:136,8,0,9
BRDA:136,8,1,3
BRDA:158,9,0,1
BRDA:158,9,1,8
BRF:19
BRH:15
end_of_record
TN:
SF:src\components\customer\password-reveal-dialog.tsx
FN:24,PasswordRevealDialog
FN:33,handleOpenChange
FN:44,handleReveal
FN:46,(anonymous_4)
FN:60,handleCopy
FN:64,(anonymous_6)
FN:104,(anonymous_7)
FN:133,(anonymous_8)
FN:133,(anonymous_9)
FNF:9
FNH:8
FNDA:39,PasswordRevealDialog
FNDA:2,handleOpenChange
FNDA:5,handleReveal
FNDA:5,(anonymous_4)
FNDA:1,handleCopy
FNDA:0,(anonymous_6)
FNDA:9,(anonymous_7)
FNDA:1,(anonymous_8)
FNDA:1,(anonymous_9)
DA:3,1
DA:4,1
DA:13,1
DA:14,1
DA:15,1
DA:16,1
DA:17,1
DA:24,11
DA:25,39
DA:26,39
DA:27,39
DA:28,39
DA:29,39
DA:30,39
DA:31,39
DA:34,2
DA:35,2
DA:36,1
DA:37,1
DA:38,1
DA:39,1
DA:40,1
DA:45,5
DA:46,5
DA:47,5
DA:48,5
DA:49,3
DA:51,2
DA:52,1
DA:54,1
DA:61,1
DA:62,1
DA:63,1
DA:64,1
DA:104,9
DA:133,1
LF:36
LH:36
BRDA:35,0,0,1
BRDA:35,0,1,1
BRDA:48,1,0,3
BRDA:48,1,1,2
BRDA:51,2,0,1
BRDA:51,2,1,1
BRDA:61,3,0,0
BRDA:61,3,1,1
BRDA:95,4,0,31
BRDA:108,5,0,31
BRDA:116,6,0,31
BRDA:116,6,1,24
BRDA:119,7,0,7
BRDA:119,7,1,24
BRDA:130,8,0,1
BRDA:130,8,1,7
BRDA:135,9,0,1
BRDA:135,9,1,7
BRDA:137,10,0,1
BRDA:144,11,0,1
BRF:20
BRH:19
end_of_record
TN:
SF:src\components\ui\button.tsx
FN:45,Button
FNF:1
FNH:1
FNDA:67,Button
DA:3,5
DA:4,5
DA:6,5
DA:8,5
DA:60,124
LF:5
LH:5
BRDA:47,0,0,58
BRDA:48,1,0,67
BRF:2
BRH:2
end_of_record
TN:
SF:src\components\ui\input.tsx
FN:6,Input
FNF:1
FNH:1
FNDA:94,Input
DA:1,5
DA:2,5
DA:4,5
DA:20,94
LF:4
LH:4
BRF:0
BRH:0
end_of_record
TN:
SF:src\components\ui\label.tsx
FN:7,Label
FNF:1
FNH:1
FNDA:157,Label
DA:3,5
DA:5,5
DA:20,157
LF:3
LH:3
BRF:0
BRH:0
end_of_record
TN:
SF:src\lib\utils.ts
FN:4,cn
FNF:1
FNH:1
FNDA:318,cn
DA:1,5
DA:2,5
DA:4,318
DA:5,318
LF:4
LH:4
BRF:0
BRH:0
end_of_record
